Unity Editor version:    2022.3.4f1 (35713cd46cd7)
Branch:                  2022.3/staging
Build type:              Release
Batch mode:              YES
macOS version:           Version 14.5 (Build 23F79)
Darwin version:          23.5.0
Architecture:            arm64
Running under Rosetta:   NO
Available memory:        8192 MB
Using pre-set license
Pro License: YES

COMMAND LINE ARGUMENTS:
/Applications/Unity/Hub/Editor/2022.3.4f1/Unity.app/Contents/MacOS/Unity
-adb2
-batchMode
-noUpm
-name
AssetImportWorker2
-projectPath
/Users/wonder_staff/Desktop/オープンワールド
-logFile
Logs/AssetImportWorker2.log
-srvPort
58449
Successfully changed project path to: /Users/wonder_staff/Desktop/オープンワールド
/Users/wonder_staff/Desktop/オープンワールド
[UnityMemory] Configuration Parameters - Can be set up in boot.config
    "memorysetup-bucket-allocator-granularity=16"
    "memorysetup-bucket-allocator-bucket-count=8"
    "memorysetup-bucket-allocator-block-size=33554432"
    "memorysetup-bucket-allocator-block-count=8"
    "memorysetup-main-allocator-block-size=16777216"
    "memorysetup-thread-allocator-block-size=16777216"
    "memorysetup-gfx-main-allocator-block-size=16777216"
    "memorysetup-gfx-thread-allocator-block-size=16777216"
    "memorysetup-cache-allocator-block-size=4194304"
    "memorysetup-typetree-allocator-block-size=2097152"
    "memorysetup-profiler-bucket-allocator-granularity=16"
    "memorysetup-profiler-bucket-allocator-bucket-count=8"
    "memorysetup-profiler-bucket-allocator-block-size=33554432"
    "memorysetup-profiler-bucket-allocator-block-count=8"
    "memorysetup-profiler-allocator-block-size=16777216"
    "memorysetup-profiler-editor-allocator-block-size=1048576"
    "memorysetup-temp-allocator-size-main=16777216"
    "memorysetup-job-temp-allocator-block-size=2097152"
    "memorysetup-job-temp-allocator-block-size-background=1048576"
    "memorysetup-job-temp-allocator-reduction-small-platforms=262144"
    "memorysetup-allocator-temp-initial-block-size-main=262144"
    "memorysetup-allocator-temp-initial-block-size-worker=262144"
    "memorysetup-temp-allocator-size-background-worker=32768"
    "memorysetup-temp-allocator-size-job-worker=262144"
    "memorysetup-temp-allocator-size-preload-manager=33554432"
    "memorysetup-temp-allocator-size-nav-mesh-worker=65536"
    "memorysetup-temp-allocator-size-audio-worker=65536"
    "memorysetup-temp-allocator-size-cloud-worker=32768"
    "memorysetup-temp-allocator-size-gi-baking-worker=262144"
    "memorysetup-temp-allocator-size-gfx=262144"
Player connection [8318028800] Host "[IP] 10.16.12.27 [Port] 0 [Flags] 2 [Guid] 2157932933 [EditorId] 2157932933 [Version] 1048832 [Id] OSXEditor(0,FVFH8ZJZQ6L4) [Debug] 1 [PackageName] OSXEditor [ProjectName] Editor" joined multi-casting on [225.0.0.222:54997]...

Player connection [8318028800] Host "[IP] 10.16.12.27 [Port] 0 [Flags] 2 [Guid] 2157932933 [EditorId] 2157932933 [Version] 1048832 [Id] OSXEditor(0,FVFH8ZJZQ6L4) [Debug] 1 [PackageName] OSXEditor [ProjectName] Editor" joined alternative multi-casting on [225.0.0.222:34997]...

Refreshing native plugins compatible for Editor in 12.78 ms, found 2 plugins.
Preloading 0 native plugins for Editor in 0.00 ms.
Initialize engine version: 2022.3.4f1 (35713cd46cd7)
[Subsystems] Discovering subsystems at path /Applications/Unity/Hub/Editor/2022.3.4f1/Unity.app/Contents/Resources/UnitySubsystems
[Subsystems] Discovering subsystems at path /Users/wonder_staff/Desktop/オープンワールド/Assets
GfxDevice: creating device client; threaded=0; jobified=0
 preferred device: Apple M1 (high power)
Metal devices available: 1
0: Apple M1 (high power)
Using device Apple M1 (high power)
Initializing Metal device caps: Apple M1
Initialize mono
Mono path[0] = '/Applications/Unity/Hub/Editor/2022.3.4f1/Unity.app/Contents/Managed'
Mono path[1] = '/Applications/Unity/Hub/Editor/2022.3.4f1/Unity.app/Contents/MonoBleedingEdge/lib/mono/unityjit-macos'
Mono config path = '/Applications/Unity/Hub/Editor/2022.3.4f1/Unity.app/Contents/MonoBleedingEdge/etc'
Using monoOptions --debugger-agent=transport=dt_socket,embedding=1,server=y,suspend=n,address=127.0.0.1:56992
Begin MonoManager ReloadAssembly
Registering precompiled unity dll's ...
Register platform support module: /Applications/Unity/Hub/Editor/2022.3.4f1/PlaybackEngines/WebGLSupport/UnityEditor.WebGL.Extensions.dll
Register platform support module: /Applications/Unity/Hub/Editor/2022.3.4f1/Unity.app/Contents/PlaybackEngines/MacStandaloneSupport/UnityEditor.OSXStandalone.Extensions.dll
Register platform support module: /Applications/Unity/Hub/Editor/2022.3.4f1/PlaybackEngines/iOSSupport/UnityEditor.iOS.Extensions.dll
Registered in 0.004970 seconds.
- Loaded All Assemblies, in  0.268 seconds
[usbmuxd] Start listen thread
[usbmuxd] Listen thread started
[usbmuxd] Send listen message
Native extension for iOS target not found
2024-12-07 17:01:20.006 Unity[31992:787567] [XcodeApplications] Failed to read NSDictionary from path ӫ>/Contents/Info.plist
Native extension for OSXStandalone target not found
Native extension for WebGL target not found
Mono: successfully reloaded assembly
- Finished resetting the current domain, in  0.250 seconds
Domain Reload Profiling: 518ms
	BeginReloadAssembly (92ms)
		ExecutionOrderSort (0ms)
		DisableScriptedObjects (0ms)
		BackupInstance (0ms)
		ReleaseScriptingObjects (0ms)
		CreateAndSetChildDomain (1ms)
	RebuildCommonClasses (27ms)
	RebuildNativeTypeToScriptingClass (8ms)
	initialDomainReloadingComplete (37ms)
	LoadAllAssembliesAndSetupDomain (104ms)
		LoadAssemblies (92ms)
		RebuildTransferFunctionScriptingTraits (0ms)
		AnalyzeDomain (101ms)
			TypeCache.Refresh (100ms)
				TypeCache.ScanAssembly (91ms)
			ScanForSourceGeneratedMonoScriptInfo (0ms)
			ResolveRequiredComponents (1ms)
	FinalizeReload (250ms)
		ReleaseScriptCaches (0ms)
		RebuildScriptCaches (0ms)
		SetupLoadedEditorAssemblies (210ms)
			LogAssemblyErrors (0ms)
			InitializePlatformSupportModulesInManaged (104ms)
			SetLoadedEditorAssemblies (4ms)
			RefreshPlugins (0ms)
			BeforeProcessingInitializeOnLoad (1ms)
			ProcessInitializeOnLoadAttributes (74ms)
			ProcessInitializeOnLoadMethodAttributes (26ms)
			AfterProcessingInitializeOnLoad (0ms)
			EditorAssembliesLoaded (0ms)
		ExecutionOrderSort2 (0ms)
		AwakeInstancesAfterBackupRestoration (0ms)
========================================================================
Worker process is ready to serve import requests
Begin MonoManager ReloadAssembly
- Loaded All Assemblies, in  0.525 seconds
Refreshing native plugins compatible for Editor in 0.69 ms, found 2 plugins.
Native extension for iOS target not found
Native extension for OSXStandalone target not found
Native extension for WebGL target not found
Package Manager log level set to [2]
[Package Manager] Server::EnsureServerProcessIsRunning -- launch failed, reason: Unity was launched with the -noUpm command-line argument
[Package Manager] UpmClient::Send -- Unable to send message (not connected to UPM process).
[Package Manager] Cannot connect to Unity Package Manager local server
Mono: successfully reloaded assembly
- Finished resetting the current domain, in  0.409 seconds
Domain Reload Profiling: 934ms
	BeginReloadAssembly (80ms)
		ExecutionOrderSort (0ms)
		DisableScriptedObjects (3ms)
		BackupInstance (0ms)
		ReleaseScriptingObjects (0ms)
		CreateAndSetChildDomain (19ms)
	RebuildCommonClasses (23ms)
	RebuildNativeTypeToScriptingClass (8ms)
	initialDomainReloadingComplete (21ms)
	LoadAllAssembliesAndSetupDomain (393ms)
		LoadAssemblies (200ms)
		RebuildTransferFunctionScriptingTraits (0ms)
		AnalyzeDomain (227ms)
			TypeCache.Refresh (216ms)
				TypeCache.ScanAssembly (204ms)
			ScanForSourceGeneratedMonoScriptInfo (7ms)
			ResolveRequiredComponents (3ms)
	FinalizeReload (409ms)
		ReleaseScriptCaches (0ms)
		RebuildScriptCaches (0ms)
		SetupLoadedEditorAssemblies (313ms)
			LogAssemblyErrors (0ms)
			InitializePlatformSupportModulesInManaged (15ms)
			SetLoadedEditorAssemblies (3ms)
			RefreshPlugins (0ms)
			BeforeProcessingInitializeOnLoad (43ms)
			ProcessInitializeOnLoadAttributes (240ms)
			ProcessInitializeOnLoadMethodAttributes (11ms)
			AfterProcessingInitializeOnLoad (1ms)
			EditorAssembliesLoaded (0ms)
		ExecutionOrderSort2 (0ms)
		AwakeInstancesAfterBackupRestoration (2ms)
Launching external process: /Applications/Unity/Hub/Editor/2022.3.4f1/Unity.app/Contents/Tools/UnityShaderCompiler
Launched and connected shader compiler UnityShaderCompiler after 0.22 seconds
Refreshing native plugins compatible for Editor in 0.80 ms, found 2 plugins.
Preloading 0 native plugins for Editor in 0.00 ms.
Unloading 3086 Unused Serialized files (Serialized files now loaded: 0)
Unloading 32 unused Assets / (51.0 KB). Loaded Objects now: 3550.
Memory consumption went from 126.4 MB to 126.4 MB.
Total: 2.362041 ms (FindLiveObjects: 0.111459 ms CreateObjectMapping: 0.036208 ms MarkObjects: 2.147208 ms  DeleteObjects: 0.066459 ms)

AssetImportParameters requested are different than current active one (requested -> active):
  custom:container-demuxer-ogg: 62fdf1f143b41e24485cea50d1cbac27 -> 
  custom:video-decoder-ogg-theora: a1e56fd34408186e4bbccfd4996cb3dc -> 
  custom:container-demuxer-webm: 4f35f7cbe854078d1ac9338744f61a02 -> 
  custom:container-muxer-webm: aa71ff27fc2769a1b78a27578f13a17b -> 
  custom:video-decoder-webm-vp8: 9c59270c3fd7afecdb556c50c9e8de78 -> 
  custom:AudioImporter_EditorPlatform: 3918e3fc78b5a79bad01e8451be0beb8 -> 
  custom:framework-osx-AVFoundation: e770b220cccbd017edd2c1fefb359320 -> 
  custom:video-encoder-webm-vp8: eb34c28f22e8b96e1ab97ce403110664 -> 
  custom:audio-decoder-ogg-vorbis: bf7c407c2cedff20999df2af8eb42d56 -> 
  custom:audio-encoder-webm-vorbis: bf7c407c2cedff20999df2af8eb42d56 -> 
========================================================================
Received Prepare
Begin MonoManager ReloadAssembly
Thread 0x30e507000 may have been prematurely finalized
- Loaded All Assemblies, in  0.544 seconds
Refreshing native plugins compatible for Editor in 0.74 ms, found 2 plugins.
Native extension for iOS target not found
2024-12-07 17:04:52.882 Unity[31992:787567] [XcodeApplications] Failed to read NSDictionary from path 譩@/Contents/Info.plist
Native extension for OSXStandalone target not found
Native extension for WebGL target not found
[Package Manager] Server::EnsureServerProcessIsRunning -- launch failed, reason: Unity was launched with the -noUpm command-line argument
[Package Manager] UpmClient::Send -- Unable to send message (not connected to UPM process).
[Package Manager] Cannot connect to Unity Package Manager local server
Mono: successfully reloaded assembly
- Finished resetting the current domain, in  0.767 seconds
Domain Reload Profiling: 1312ms
	BeginReloadAssembly (120ms)
		ExecutionOrderSort (0ms)
		DisableScriptedObjects (3ms)
		BackupInstance (0ms)
		ReleaseScriptingObjects (0ms)
		CreateAndSetChildDomain (60ms)
	RebuildCommonClasses (23ms)
	RebuildNativeTypeToScriptingClass (8ms)
	initialDomainReloadingComplete (14ms)
	LoadAllAssembliesAndSetupDomain (379ms)
		LoadAssemblies (183ms)
		RebuildTransferFunctionScriptingTraits (0ms)
		AnalyzeDomain (226ms)
			TypeCache.Refresh (222ms)
				TypeCache.ScanAssembly (205ms)
			ScanForSourceGeneratedMonoScriptInfo (0ms)
			ResolveRequiredComponents (4ms)
	FinalizeReload (767ms)
		ReleaseScriptCaches (0ms)
		RebuildScriptCaches (0ms)
		SetupLoadedEditorAssemblies (346ms)
			LogAssemblyErrors (0ms)
			InitializePlatformSupportModulesInManaged (21ms)
			SetLoadedEditorAssemblies (7ms)
			RefreshPlugins (0ms)
			BeforeProcessingInitializeOnLoad (59ms)
			ProcessInitializeOnLoadAttributes (246ms)
			ProcessInitializeOnLoadMethodAttributes (12ms)
			AfterProcessingInitializeOnLoad (1ms)
			EditorAssembliesLoaded (0ms)
		ExecutionOrderSort2 (0ms)
		AwakeInstancesAfterBackupRestoration (3ms)
Refreshing native plugins compatible for Editor in 0.90 ms, found 2 plugins.
Preloading 0 native plugins for Editor in 0.00 ms.
Unloading 3079 Unused Serialized files (Serialized files now loaded: 0)
Unloading 23 unused Assets / (31.1 KB). Loaded Objects now: 3553.
Memory consumption went from 133.9 MB to 133.9 MB.
Total: 2.921708 ms (FindLiveObjects: 0.187750 ms CreateObjectMapping: 0.045708 ms MarkObjects: 2.619625 ms  DeleteObjects: 0.068042 ms)

Prepare: number of updated asset objects reloaded= 0
AssetImportParameters requested are different than current active one (requested -> active):
  custom:container-demuxer-ogg: 62fdf1f143b41e24485cea50d1cbac27 -> 
  custom:video-decoder-ogg-theora: a1e56fd34408186e4bbccfd4996cb3dc -> 
  custom:CustomObjectIndexerAttribute: 756ad292c208cfabdd7b50bc23989ffe -> 
  custom:container-demuxer-webm: 4f35f7cbe854078d1ac9338744f61a02 -> 
  custom:container-muxer-webm: aa71ff27fc2769a1b78a27578f13a17b -> 
  custom:video-decoder-webm-vp8: 9c59270c3fd7afecdb556c50c9e8de78 -> 
  custom:AudioImporter_EditorPlatform: 3918e3fc78b5a79bad01e8451be0beb8 -> 
  custom:framework-osx-AVFoundation: e770b220cccbd017edd2c1fefb359320 -> 
  custom:video-encoder-webm-vp8: eb34c28f22e8b96e1ab97ce403110664 -> 
  custom:audio-decoder-ogg-vorbis: bf7c407c2cedff20999df2af8eb42d56 -> 
  custom:audio-encoder-webm-vorbis: bf7c407c2cedff20999df2af8eb42d56 -> 
========================================================================
Received Prepare
Begin MonoManager ReloadAssembly
Thread 0x3036cb000 may have been prematurely finalized
- Loaded All Assemblies, in  0.441 seconds
Refreshing native plugins compatible for Editor in 0.82 ms, found 2 plugins.
Native extension for iOS target not found
Native extension for OSXStandalone target not found
Native extension for WebGL target not found
[Package Manager] Server::EnsureServerProcessIsRunning -- launch failed, reason: Unity was launched with the -noUpm command-line argument
[Package Manager] UpmClient::Send -- Unable to send message (not connected to UPM process).
[Package Manager] Cannot connect to Unity Package Manager local server
Mono: successfully reloaded assembly
- Finished resetting the current domain, in  0.713 seconds
Domain Reload Profiling: 1155ms
	BeginReloadAssembly (87ms)
		ExecutionOrderSort (0ms)
		DisableScriptedObjects (3ms)
		BackupInstance (0ms)
		ReleaseScriptingObjects (0ms)
		CreateAndSetChildDomain (33ms)
	RebuildCommonClasses (23ms)
	RebuildNativeTypeToScriptingClass (8ms)
	initialDomainReloadingComplete (13ms)
	LoadAllAssembliesAndSetupDomain (311ms)
		LoadAssemblies (150ms)
		RebuildTransferFunctionScriptingTraits (0ms)
		AnalyzeDomain (190ms)
			TypeCache.Refresh (186ms)
				TypeCache.ScanAssembly (179ms)
			ScanForSourceGeneratedMonoScriptInfo (0ms)
			ResolveRequiredComponents (4ms)
	FinalizeReload (713ms)
		ReleaseScriptCaches (0ms)
		RebuildScriptCaches (0ms)
		SetupLoadedEditorAssemblies (329ms)
			LogAssemblyErrors (0ms)
			InitializePlatformSupportModulesInManaged (17ms)
			SetLoadedEditorAssemblies (8ms)
			RefreshPlugins (0ms)
			BeforeProcessingInitializeOnLoad (49ms)
			ProcessInitializeOnLoadAttributes (242ms)
			ProcessInitializeOnLoadMethodAttributes (11ms)
			AfterProcessingInitializeOnLoad (1ms)
			EditorAssembliesLoaded (0ms)
		ExecutionOrderSort2 (0ms)
		AwakeInstancesAfterBackupRestoration (3ms)
Refreshing native plugins compatible for Editor in 0.95 ms, found 2 plugins.
Preloading 0 native plugins for Editor in 0.00 ms.
Unloading 3079 Unused Serialized files (Serialized files now loaded: 0)
Unloading 23 unused Assets / (31.2 KB). Loaded Objects now: 3556.
Memory consumption went from 142.5 MB to 142.5 MB.
Total: 2.806083 ms (FindLiveObjects: 0.148542 ms CreateObjectMapping: 0.045750 ms MarkObjects: 2.556583 ms  DeleteObjects: 0.054792 ms)

Prepare: number of updated asset objects reloaded= 0
AssetImportParameters requested are different than current active one (requested -> active):
  custom:container-demuxer-ogg: 62fdf1f143b41e24485cea50d1cbac27 -> 
  custom:video-decoder-ogg-theora: a1e56fd34408186e4bbccfd4996cb3dc -> 
  custom:CustomObjectIndexerAttribute: 756ad292c208cfabdd7b50bc23989ffe -> 
  custom:container-demuxer-webm: 4f35f7cbe854078d1ac9338744f61a02 -> 
  custom:container-muxer-webm: aa71ff27fc2769a1b78a27578f13a17b -> 
  custom:video-decoder-webm-vp8: 9c59270c3fd7afecdb556c50c9e8de78 -> 
  custom:AudioImporter_EditorPlatform: 3918e3fc78b5a79bad01e8451be0beb8 -> 
  custom:framework-osx-AVFoundation: e770b220cccbd017edd2c1fefb359320 -> 
  custom:video-encoder-webm-vp8: eb34c28f22e8b96e1ab97ce403110664 -> 
  custom:audio-decoder-ogg-vorbis: bf7c407c2cedff20999df2af8eb42d56 -> 
  custom:audio-encoder-webm-vorbis: bf7c407c2cedff20999df2af8eb42d56 -> 
========================================================================
Received Import Request.
  Time since last request: 70868.654729 seconds.
  path: Assets/PolygonStarter/Prefabs/SM_Generic_Ground_02.prefab
  artifactKey: Guid(2bd56128040193346a96ac4ec4bfa455) Importer(815301076,1909f56bfc062723c751e8b465ee728b)
Start importing Assets/PolygonStarter/Prefabs/SM_Generic_Ground_02.prefab using Guid(2bd56128040193346a96ac4ec4bfa455) Importer(815301076,1909f56bfc062723c751e8b465ee728b)  -> (artifact id: 'b7febca269d813424117ee404bacff94') in 0.210844 seconds
Number of updated asset objects reloaded before import = 0
Number of asset objects unloaded after import = 10
========================================================================
Received Import Request.
  Time since last request: 0.000078 seconds.
  path: Assets/PolygonStarter/Prefabs/SM_Generic_Mountains_Soft_01.prefab
  artifactKey: Guid(a114301c17a8f9d4e87a828e20f894a2) Importer(815301076,1909f56bfc062723c751e8b465ee728b)
Start importing Assets/PolygonStarter/Prefabs/SM_Generic_Mountains_Soft_01.prefab using Guid(a114301c17a8f9d4e87a828e20f894a2) Importer(815301076,1909f56bfc062723c751e8b465ee728b)  -> (artifact id: '5631d4bf907f4fe1cabb64cbb1f99472') in 0.008355 seconds
Number of updated asset objects reloaded before import = 0
Number of asset objects unloaded after import = 10
========================================================================
Received Import Request.
  Time since last request: 2.984396 seconds.
  path: Assets/PolygonStarter/Prefabs/SM_Generic_Tree_01.prefab
  artifactKey: Guid(ab36f4e752fd5d74d8e9f8f24c8864f2) Importer(815301076,1909f56bfc062723c751e8b465ee728b)
Start importing Assets/PolygonStarter/Prefabs/SM_Generic_Tree_01.prefab using Guid(ab36f4e752fd5d74d8e9f8f24c8864f2) Importer(815301076,1909f56bfc062723c751e8b465ee728b)  -> (artifact id: 'ebf62c0b2fc072beca701d4d10e96659') in 0.026056 seconds
Number of updated asset objects reloaded before import = 0
Number of asset objects unloaded after import = 10
========================================================================
Received Import Request.
  Time since last request: 0.000288 seconds.
  path: Assets/Polygon-Lite Survival Collection/Prefabs/SM_Hammer.prefab
  artifactKey: Guid(122489d113ea97d4bbf387d2dc2d5e86) Importer(815301076,1909f56bfc062723c751e8b465ee728b)
Start importing Assets/Polygon-Lite Survival Collection/Prefabs/SM_Hammer.prefab using Guid(122489d113ea97d4bbf387d2dc2d5e86) Importer(815301076,1909f56bfc062723c751e8b465ee728b)  -> (artifact id: 'f537dd2a51e3a59136947a603ab566ac') in 0.008582 seconds
Number of updated asset objects reloaded before import = 0
Number of asset objects unloaded after import = 10
========================================================================
Received Import Request.
  Time since last request: 0.000181 seconds.
  path: Assets/Polygon-Lite Survival Collection/Prefabs/SM_HOOK_FOR_Fishing_Rod_02.prefab
  artifactKey: Guid(21f69cbf9e7cd174d8737093cebdf481) Importer(815301076,1909f56bfc062723c751e8b465ee728b)
Start importing Assets/Polygon-Lite Survival Collection/Prefabs/SM_HOOK_FOR_Fishing_Rod_02.prefab using Guid(21f69cbf9e7cd174d8737093cebdf481) Importer(815301076,1909f56bfc062723c751e8b465ee728b)  -> (artifact id: '1995e154967dad67035a452a1077f04a') in 0.139615 seconds
Number of updated asset objects reloaded before import = 0
Number of asset objects unloaded after import = 46
========================================================================
Received Import Request.
  Time since last request: 0.091593 seconds.
  path: Assets/Polygon-Lite Survival Collection/Prefabs/SM_Large_Magazine_For_Army_Pistol_Empty.prefab
  artifactKey: Guid(3ae47a629d31e6545976a65007848e7c) Importer(815301076,1909f56bfc062723c751e8b465ee728b)
Start importing Assets/Polygon-Lite Survival Collection/Prefabs/SM_Large_Magazine_For_Army_Pistol_Empty.prefab using Guid(3ae47a629d31e6545976a65007848e7c) Importer(815301076,1909f56bfc062723c751e8b465ee728b)  -> (artifact id: 'ae29552e58ecfcefad5f278c9a874032') in 0.015789 seconds
Number of updated asset objects reloaded before import = 0
Number of asset objects unloaded after import = 10
========================================================================
Received Import Request.
  Time since last request: 0.001434 seconds.
  path: Assets/Polygon-Lite Survival Collection/Prefabs/SM_Magazine_For_Special_Submachine_Gun.prefab
  artifactKey: Guid(eebf9633a5556074fa8426026d1c460f) Importer(815301076,1909f56bfc062723c751e8b465ee728b)
Start importing Assets/Polygon-Lite Survival Collection/Prefabs/SM_Magazine_For_Special_Submachine_Gun.prefab using Guid(eebf9633a5556074fa8426026d1c460f) Importer(815301076,1909f56bfc062723c751e8b465ee728b)  -> (artifact id: 'fb5d30d978dd3fff5f7353e137c0d914') in 0.011723 seconds
Number of updated asset objects reloaded before import = 0
Number of asset objects unloaded after import = 10
========================================================================
Received Import Request.
  Time since last request: 0.000089 seconds.
  path: Assets/Polygon-Lite Survival Collection/Prefabs/SM_Pallet_01.prefab
  artifactKey: Guid(931aea578e9e7f7499b2987da9ed2fb0) Importer(815301076,1909f56bfc062723c751e8b465ee728b)
Start importing Assets/Polygon-Lite Survival Collection/Prefabs/SM_Pallet_01.prefab using Guid(931aea578e9e7f7499b2987da9ed2fb0) Importer(815301076,1909f56bfc062723c751e8b465ee728b)  -> (artifact id: 'e3c95d7ddbb3e89f303d684c5c480389') in 0.006299 seconds
Number of updated asset objects reloaded before import = 0
Number of asset objects unloaded after import = 10
========================================================================
Received Import Request.
  Time since last request: 0.537166 seconds.
  path: Assets/PolygonStarter/Prefabs/SM_PolygonApocalypse_Bld_House_01.prefab
  artifactKey: Guid(09135c03210603f42b4207ff66b56781) Importer(815301076,1909f56bfc062723c751e8b465ee728b)
Start importing Assets/PolygonStarter/Prefabs/SM_PolygonApocalypse_Bld_House_01.prefab using Guid(09135c03210603f42b4207ff66b56781) Importer(815301076,1909f56bfc062723c751e8b465ee728b)  -> (artifact id: '8df2e72e3bdd91c4cb7b515593d1a952') in 0.012333 seconds
Number of updated asset objects reloaded before import = 0
Number of asset objects unloaded after import = 11
========================================================================
Received Import Request.
  Time since last request: 0.000178 seconds.
  path: Assets/PolygonStarter/Prefabs/SM_PolygonPrototype_Buildings_DoorFrame_01P.prefab
  artifactKey: Guid(4a0ab548b1b39cf4b8b48726d5f4fbfe) Importer(815301076,1909f56bfc062723c751e8b465ee728b)
Start importing Assets/PolygonStarter/Prefabs/SM_PolygonPrototype_Buildings_DoorFrame_01P.prefab using Guid(4a0ab548b1b39cf4b8b48726d5f4fbfe) Importer(815301076,1909f56bfc062723c751e8b465ee728b)  -> (artifact id: '4cdc0cd36cae7eeba5b4413dc3bdc451') in 0.007927 seconds
Number of updated asset objects reloaded before import = 0
Number of asset objects unloaded after import = 9
========================================================================
Received Import Request.
  Time since last request: 0.043211 seconds.
  path: Assets/PolygonStarter/Prefabs/SM_PolygonPrototype_Buildings_WallDoor_2x3_01P.prefab
  artifactKey: Guid(dc7c84106cc461e4f8dac748879dbe72) Importer(815301076,1909f56bfc062723c751e8b465ee728b)
Start importing Assets/PolygonStarter/Prefabs/SM_PolygonPrototype_Buildings_WallDoor_2x3_01P.prefab using Guid(dc7c84106cc461e4f8dac748879dbe72) Importer(815301076,1909f56bfc062723c751e8b465ee728b)  -> (artifact id: 'bc13406f367f9f791fed99c721081667') in 0.006463 seconds
Number of updated asset objects reloaded before import = 0
Number of asset objects unloaded after import = 11
========================================================================
Received Import Request.
  Time since last request: 0.000543 seconds.
  path: Assets/PolygonStarter/Prefabs/SM_PolygonPrototype_Primitive_Cylander_01P.prefab
  artifactKey: Guid(4ec4cfadebd96154690192fbd49e28b8) Importer(815301076,1909f56bfc062723c751e8b465ee728b)
Start importing Assets/PolygonStarter/Prefabs/SM_PolygonPrototype_Primitive_Cylander_01P.prefab using Guid(4ec4cfadebd96154690192fbd49e28b8) Importer(815301076,1909f56bfc062723c751e8b465ee728b)  -> (artifact id: 'ba98c39d427e441801a79d3f92c760fb') in 0.005891 seconds
Number of updated asset objects reloaded before import = 0
Number of asset objects unloaded after import = 10
========================================================================
Received Import Request.
  Time since last request: 0.000298 seconds.
  path: Assets/PolygonStarter/Prefabs/SM_PolygonPrototype_Primitive_Tube_01P.prefab
  artifactKey: Guid(6fb840e833a0f2049b655aba4bf98513) Importer(815301076,1909f56bfc062723c751e8b465ee728b)
Start importing Assets/PolygonStarter/Prefabs/SM_PolygonPrototype_Primitive_Tube_01P.prefab using Guid(6fb840e833a0f2049b655aba4bf98513) Importer(815301076,1909f56bfc062723c751e8b465ee728b)  -> (artifact id: '58cadaab6d22a4fa1be485fca65c343c') in 0.006549 seconds
Number of updated asset objects reloaded before import = 0
Number of asset objects unloaded after import = 10
========================================================================
Received Import Request.
  Time since last request: 0.242760 seconds.
  path: Assets/PolygonStarter/Prefabs/SM_PolygonPrototype_Prop_Ladder_1x2_01P.prefab
  artifactKey: Guid(807bf6650795ad04395313d04ebe88c5) Importer(815301076,1909f56bfc062723c751e8b465ee728b)
Start importing Assets/PolygonStarter/Prefabs/SM_PolygonPrototype_Prop_Ladder_1x2_01P.prefab using Guid(807bf6650795ad04395313d04ebe88c5) Importer(815301076,1909f56bfc062723c751e8b465ee728b)  -> (artifact id: '6f80774ba52757586ae1da7626911802') in 0.007754 seconds
Number of updated asset objects reloaded before import = 0
Number of asset objects unloaded after import = 10
========================================================================
Received Import Request.
  Time since last request: 0.000239 seconds.
  path: Assets/Polygon-Lite Survival Collection/Prefabs/SM_Sledgehammer.prefab
  artifactKey: Guid(c1261337aad64ef4db60b9b168b33feb) Importer(815301076,1909f56bfc062723c751e8b465ee728b)
Start importing Assets/Polygon-Lite Survival Collection/Prefabs/SM_Sledgehammer.prefab using Guid(c1261337aad64ef4db60b9b168b33feb) Importer(815301076,1909f56bfc062723c751e8b465ee728b)  -> (artifact id: '0f903a754a54ac84a5ee00eef661a070') in 0.008830 seconds
Number of updated asset objects reloaded before import = 0
Number of asset objects unloaded after import = 10
Editor requested this worker to shutdown with reason: Scaling down because of idle timeout
TcpMessagingSession - receive error: operation aborted. errorcode: 89, details: Operation aborted.
AssetImportWorker is now disconnected from the server
Process exiting
